  Shader.cpp
E:\CG\LearnOpenGL\common\include\Shader.h(5,10): warning C4067: 预处理器指令后有意外标记 - 应输入换行符
  main.cpp
E:\CG\LearnOpenGL\common\include\Shader.h(5,10): warning C4067: 预处理器指令后有意外标记 - 应输入换行符
  正在生成代码...
Shader.obj : error LNK2001: 无法解析的外部符号 glad_glAttachShader
Shader.obj : error LNK2001: 无法解析的外部符号 glad_glCompileShader
Shader.obj : error LNK2001: 无法解析的外部符号 glad_glCreateProgram
Shader.obj : error LNK2001: 无法解析的外部符号 glad_glCreateShader
Shader.obj : error LNK2001: 无法解析的外部符号 glad_glDeleteShader
Shader.obj : error LNK2001: 无法解析的外部符号 glad_glGetProgramiv
Shader.obj : error LNK2001: 无法解析的外部符号 glad_glGetProgramInfoLog
Shader.obj : error LNK2001: 无法解析的外部符号 glad_glGetShaderiv
Shader.obj : error LNK2001: 无法解析的外部符号 glad_glGetShaderInfoLog
Shader.obj : error LNK2001: 无法解析的外部符号 glad_glGetUniformLocation
Shader.obj : error LNK2001: 无法解析的外部符号 glad_glLinkProgram
Shader.obj : error LNK2001: 无法解析的外部符号 glad_glShaderSource
Shader.obj : error LNK2001: 无法解析的外部符号 glad_glUseProgram
Shader.obj : error LNK2001: 无法解析的外部符号 glad_glUniform1f
Shader.obj : error LNK2001: 无法解析的外部符号 glad_glUniform1i
main.obj : error LNK2019: 无法解析的外部符号 gladLoadGLLoader，函数 main 中引用了该符号
main.obj : error LNK2019: 无法解析的外部符号 glfwInit，函数 main 中引用了该符号
main.obj : error LNK2019: 无法解析的外部符号 glfwTerminate，函数 main 中引用了该符号
main.obj : error LNK2019: 无法解析的外部符号 glfwWindowHint，函数 main 中引用了该符号
main.obj : error LNK2019: 无法解析的外部符号 glfwCreateWindow，函数 main 中引用了该符号
main.obj : error LNK2019: 无法解析的外部符号 glfwWindowShouldClose，函数 main 中引用了该符号
main.obj : error LNK2019: 无法解析的外部符号 glfwPollEvents，函数 main 中引用了该符号
main.obj : error LNK2019: 无法解析的外部符号 glfwMakeContextCurrent，函数 main 中引用了该符号
main.obj : error LNK2019: 无法解析的外部符号 glfwSwapBuffers，函数 main 中引用了该符号
main.obj : error LNK2019: 无法解析的外部符号 glfwGetProcAddress，函数 main 中引用了该符号
main.obj : error LNK2019: 无法解析的外部符号 stbi_load，函数 main 中引用了该符号
main.obj : error LNK2019: 无法解析的外部符号 stbi_image_free，函数 main 中引用了该符号
main.obj : error LNK2001: 无法解析的外部符号 glad_glTexParameteri
main.obj : error LNK2001: 无法解析的外部符号 glad_glTexImage2D
main.obj : error LNK2001: 无法解析的外部符号 glad_glClear
main.obj : error LNK2001: 无法解析的外部符号 glad_glClearColor
main.obj : error LNK2001: 无法解析的外部符号 glad_glViewport
main.obj : error LNK2001: 无法解析的外部符号 glad_glDrawElements
main.obj : error LNK2001: 无法解析的外部符号 glad_glBindTexture
main.obj : error LNK2001: 无法解析的外部符号 glad_glGenTextures
main.obj : error LNK2001: 无法解析的外部符号 glad_glBindBuffer
main.obj : error LNK2001: 无法解析的外部符号 glad_glDeleteBuffers
main.obj : error LNK2001: 无法解析的外部符号 glad_glGenBuffers
main.obj : error LNK2001: 无法解析的外部符号 glad_glBufferData
main.obj : error LNK2001: 无法解析的外部符号 glad_glEnableVertexAttribArray
main.obj : error LNK2001: 无法解析的外部符号 glad_glVertexAttribPointer
main.obj : error LNK2001: 无法解析的外部符号 glad_glGenerateMipmap
main.obj : error LNK2001: 无法解析的外部符号 glad_glBindVertexArray
main.obj : error LNK2001: 无法解析的外部符号 glad_glDeleteVertexArrays
main.obj : error LNK2001: 无法解析的外部符号 glad_glGenVertexArrays
E:\CG\LearnOpenGL\third_party\libs\glfw3.lib : warning LNK4272: 库计算机类型“x86”与目标计算机类型“x64”冲突
E:\CG\LearnOpenGL\02_Texture\x64\Debug\02_Texture.exe : fatal error LNK1120: 45 个无法解析的外部命令
